<?xml version="1.0" encoding="UTF-8"?>
<!-- Generated by org.testng.reporters.JUnitXMLReporter -->
<testsuite hostname="WKWIN6540417" ignored="0" name="Default test" tests="3" failures="0" timestamp="2019-10-12T16:00:30 IST" time="0.783" errors="0">
  <testcase name="testGetCountryId" time="0.026" classname="com.example.fbstandings.service.FBServiceTest"/>
  <testcase name="testGetLeagueId" time="0.006" classname="com.example.fbstandings.service.FBServiceTest"/>
  <testcase name="testgetTeamId" time="0.003" classname="com.example.fbstandings.service.FBServiceTest"/>
</testsuite> <!-- Default test -->
