<?xml version="1.0" encoding="UTF-8"?>
<testng-results skipped="0" failed="0" ignored="0" total="3" passed="3">
  <reporter-output>
  </reporter-output>
  <suite name="Default suite" duration-ms="783" started-at="2019-10-12T16:00:29 IST" finished-at="2019-10-12T16:00:29 IST">
    <groups>
    </groups>
    <test name="Default test" duration-ms="783" started-at="2019-10-12T16:00:29 IST" finished-at="2019-10-12T16:00:29 IST">
      <class name="com.example.fbstandings.service.FBServiceTest">
        <test-method status="PASS" signature="init()[pri:0, instance:com.example.fbstandings.service.FBServiceTest@694e1548]" name="init" is-config="true" duration-ms="692" started-at="2019-10-12T16:00:29 IST" finished-at="2019-10-12T16:00:29 IST">
          <reporter-output>
          </reporter-output>
        </test-method> <!-- init -->
        <test-method status="PASS" signature="testGetCountryId()[pri:0, instance:com.example.fbstandings.service.FBServiceTest@694e1548]" name="testGetCountryId" duration-ms="26" started-at="2019-10-12T16:00:29 IST" finished-at="2019-10-12T16:00:29 IST">
          <reporter-output>
          </reporter-output>
        </test-method> <!-- testGetCountryId -->
        <test-method status="PASS" signature="init()[pri:0, instance:com.example.fbstandings.service.FBServiceTest@694e1548]" name="init" is-config="true" duration-ms="1" started-at="2019-10-12T16:00:29 IST" finished-at="2019-10-12T16:00:29 IST">
          <reporter-output>
          </reporter-output>
        </test-method> <!-- init -->
        <test-method status="PASS" signature="testGetLeagueId()[pri:0, instance:com.example.fbstandings.service.FBServiceTest@694e1548]" name="testGetLeagueId" duration-ms="6" started-at="2019-10-12T16:00:29 IST" finished-at="2019-10-12T16:00:29 IST">
          <reporter-output>
          </reporter-output>
        </test-method> <!-- testGetLeagueId -->
        <test-method status="PASS" signature="init()[pri:0, instance:com.example.fbstandings.service.FBServiceTest@694e1548]" name="init" is-config="true" duration-ms="1" started-at="2019-10-12T16:00:29 IST" finished-at="2019-10-12T16:00:29 IST">
          <reporter-output>
          </reporter-output>
        </test-method> <!-- init -->
        <test-method status="PASS" signature="testgetTeamId()[pri:0, instance:com.example.fbstandings.service.FBServiceTest@694e1548]" name="testgetTeamId" duration-ms="3" started-at="2019-10-12T16:00:29 IST" finished-at="2019-10-12T16:00:29 IST">
          <reporter-output>
          </reporter-output>
        </test-method> <!-- testgetTeamId -->
      </class> <!-- com.example.fbstandings.service.FBServiceTest -->
    </test> <!-- Default test -->
  </suite> <!-- Default suite -->
</testng-results>
